0 verbose cli /usr/bin/node /usr/bin/npm
1 info using npm@10.7.0
2 info using node@v20.14.0
3 silly config:load:file:/usr/lib/node_modules/npm/npmrc
4 silly config:load:file:/home/ubuntu/.npmrc
5 silly config:load:file:/usr/etc/npmrc
6 verbose title npm install web3
7 verbose argv "install" "web3"
8 verbose logfile logs-max:10 dir:/home/ubuntu/.npm/_logs/2024-06-11T01_46_14_581Z-
9 verbose logfile /home/ubuntu/.npm/_logs/2024-06-11T01_46_14_581Z-debug-0.log
10 silly logfile done cleaning log files
11 silly idealTree buildDeps
12 silly fetch manifest web3@*
13 http fetch GET 200 https://registry.npmjs.org/npm 140ms
14 http fetch GET 200 https://registry.npmjs.org/web3 187ms (cache miss)
15 silly placeDep ROOT web3@4.9.0 OK for:  want: *
16 silly fetch manifest web3-eth@^4.7.0
17 http fetch GET 200 https://registry.npmjs.org/web3-eth 64ms (cache miss)
18 silly fetch manifest web3-net@^4.1.0
19 http fetch GET 200 https://registry.npmjs.org/web3-net 85ms (cache miss)
20 silly fetch manifest web3-core@^4.4.0
21 http fetch GET 200 https://registry.npmjs.org/web3-core 56ms (cache miss)
22 silly fetch manifest web3-types@^1.6.0
23 http fetch GET 200 https://registry.npmjs.org/web3-types 49ms (cache miss)
24 silly fetch manifest web3-utils@^4.3.0
25 http fetch GET 200 https://registry.npmjs.org/web3-utils 63ms (cache miss)
26 silly fetch manifest web3-errors@^1.2.0
27 http fetch GET 200 https://registry.npmjs.org/web3-errors 46ms (cache miss)
28 silly fetch manifest web3-eth-abi@^4.2.2
29 http fetch GET 200 https://registry.npmjs.org/web3-eth-abi 61ms (cache miss)
30 silly fetch manifest web3-eth-ens@^4.3.0
31 http fetch GET 200 https://registry.npmjs.org/web3-eth-ens 60ms (cache miss)
32 silly fetch manifest web3-eth-iban@^4.0.7
33 http fetch GET 200 https://registry.npmjs.org/web3-eth-iban 51ms (cache miss)
34 silly fetch manifest web3-validator@^2.0.6
35 http fetch GET 200 https://registry.npmjs.org/web3-validator 74ms (cache miss)
36 silly fetch manifest web3-rpc-methods@^1.3.0
37 http fetch GET 200 https://registry.npmjs.org/web3-rpc-methods 81ms (cache miss)
38 silly fetch manifest web3-eth-accounts@^4.1.2
39 http fetch GET 200 https://registry.npmjs.org/web3-eth-accounts 67ms (cache miss)
40 silly fetch manifest web3-eth-contract@^4.5.0
41 http fetch GET 200 https://registry.npmjs.org/web3-eth-contract 91ms (cache miss)
42 silly fetch manifest web3-eth-personal@^4.0.8
43 http fetch GET 200 https://registry.npmjs.org/web3-eth-personal 61ms (cache miss)
44 silly fetch manifest web3-providers-ws@^4.0.7
45 http fetch GET 200 https://registry.npmjs.org/web3-providers-ws 52ms (cache miss)
46 silly fetch manifest web3-providers-http@^4.1.0
47 http fetch GET 200 https://registry.npmjs.org/web3-providers-http 68ms (cache miss)
48 silly placeDep ROOT web3-core@4.4.0 OK for: web3@4.9.0 want: ^4.4.0
49 silly placeDep ROOT web3-errors@1.2.0 OK for: web3@4.9.0 want: ^1.2.0
50 silly placeDep ROOT web3-eth@4.7.0 OK for: web3@4.9.0 want: ^4.7.0
51 silly placeDep ROOT web3-eth-abi@4.2.2 OK for: web3@4.9.0 want: ^4.2.2
52 silly placeDep ROOT web3-eth-accounts@4.1.2 OK for: web3@4.9.0 want: ^4.1.2
53 silly placeDep ROOT web3-eth-contract@4.5.0 OK for: web3@4.9.0 want: ^4.5.0
54 silly placeDep ROOT web3-eth-ens@4.3.0 OK for: web3@4.9.0 want: ^4.3.0
55 silly placeDep ROOT web3-eth-iban@4.0.7 OK for: web3@4.9.0 want: ^4.0.7
56 silly placeDep ROOT web3-eth-personal@4.0.8 OK for: web3@4.9.0 want: ^4.0.8
57 silly placeDep ROOT web3-net@4.1.0 OK for: web3@4.9.0 want: ^4.1.0
58 silly placeDep ROOT web3-providers-http@4.1.0 OK for: web3@4.9.0 want: ^4.1.0
59 silly placeDep ROOT web3-providers-ws@4.0.7 OK for: web3@4.9.0 want: ^4.0.7
60 silly placeDep ROOT web3-rpc-methods@1.3.0 OK for: web3@4.9.0 want: ^1.3.0
61 silly placeDep ROOT web3-types@1.6.0 OK for: web3@4.9.0 want: ^1.6.0
62 silly placeDep ROOT web3-utils@4.3.0 OK for: web3@4.9.0 want: ^4.3.0
63 silly placeDep ROOT web3-validator@2.0.6 OK for: web3@4.9.0 want: ^2.0.6
64 silly fetch manifest web3-providers-ipc@^4.0.7
65 http fetch GET 200 https://registry.npmjs.org/web3-providers-ipc 47ms (cache miss)
66 silly fetch manifest setimmediate@^1.0.5
67 http fetch GET 200 https://registry.npmjs.org/setimmediate 29ms (cache miss)
68 silly fetch manifest abitype@0.7.1
69 http fetch GET 200 https://registry.npmjs.org/abitype 41ms (cache miss)
70 silly fetch manifest crc-32@^1.2.2
71 http fetch GET 200 https://registry.npmjs.org/crc-32 42ms (cache miss)
72 silly fetch manifest web3-utils@^4.2.3
73 silly fetch manifest web3-validator@^2.0.5
74 silly fetch manifest @ethereumjs/rlp@^4.0.1
75 http fetch GET 200 https://registry.npmjs.org/@ethereumjs%2frlp 58ms (cache miss)
76 silly fetch manifest ethereum-cryptography@^2.0.0
77 http fetch GET 200 https://registry.npmjs.org/ethereum-cryptography 34ms (cache miss)
78 silly fetch manifest @adraffy/ens-normalize@^1.8.8
79 http fetch GET 200 https://registry.npmjs.org/@adraffy%2fens-normalize 168ms (cache miss)
80 silly fetch manifest web3-types@^1.3.0
81 silly fetch manifest web3-utils@^4.0.7
82 silly fetch manifest web3-validator@^2.0.3
83 silly fetch manifest web3-rpc-methods@^1.1.3
84 silly fetch manifest cross-fetch@^4.0.0
85 http fetch GET 200 https://registry.npmjs.org/cross-fetch 80ms (cache miss)
86 silly fetch manifest ws@^8.8.1
87 http fetch GET 200 https://registry.npmjs.org/ws 33ms (cache miss)
88 silly fetch manifest @types/ws@8.5.3
89 http fetch GET 200 https://registry.npmjs.org/@types%2fws 48ms (cache miss)
90 silly fetch manifest isomorphic-ws@^5.0.0
91 http fetch GET 200 https://registry.npmjs.org/isomorphic-ws 32ms (cache miss)
92 silly fetch manifest eventemitter3@^5.0.1
93 http fetch GET 200 https://registry.npmjs.org/eventemitter3 31ms (cache miss)
94 silly fetch manifest zod@^3.21.4
95 http fetch GET 200 https://registry.npmjs.org/zod 517ms (cache miss)
96 silly fetch manifest util@^0.12.5
97 http fetch GET 200 https://registry.npmjs.org/util 81ms (cache miss)
98 silly placeDep ROOT web3-providers-ipc@4.0.7 OK for: web3-core@4.4.0 want: ^4.0.7
99 silly placeDep ROOT setimmediate@1.0.5 OK for: web3-eth@4.7.0 want: ^1.0.5
100 silly fetch manifest typescript@>=4.9.4
101 http fetch GET 200 https://registry.npmjs.org/typescript 246ms (cache miss)
102 silly fetch manifest zod@^3 >=3.19.1
103 silly placeDep ROOT abitype@0.7.1 OK for: web3-eth-abi@4.2.2 want: 0.7.1
104 silly placeDep ROOT typescript@5.4.5 OK for: abitype@0.7.1 want: >=4.9.4
105 silly placeDep ROOT @ethereumjs/rlp@4.0.1 OK for: web3-eth-accounts@4.1.2 want: ^4.0.1
106 silly placeDep ROOT crc-32@1.2.2 OK for: web3-eth-accounts@4.1.2 want: ^1.2.2
107 silly placeDep ROOT ethereum-cryptography@2.2.0 OK for: web3-eth-accounts@4.1.2 want: ^2.0.0
108 silly fetch manifest @noble/curves@1.4.0
109 http fetch GET 200 https://registry.npmjs.org/@noble%2fcurves 62ms (cache miss)
110 silly fetch manifest @noble/hashes@1.4.0
111 http fetch GET 200 https://registry.npmjs.org/@noble%2fhashes 51ms (cache miss)
112 silly fetch manifest @scure/bip32@1.4.0
113 http fetch GET 200 https://registry.npmjs.org/@scure%2fbip32 79ms (cache miss)
114 silly fetch manifest @scure/bip39@1.3.0
115 http fetch GET 200 https://registry.npmjs.org/@scure%2fbip39 61ms (cache miss)
116 silly placeDep ROOT @noble/curves@1.4.0 OK for: ethereum-cryptography@2.2.0 want: 1.4.0
117 silly placeDep ROOT @noble/hashes@1.4.0 OK for: ethereum-cryptography@2.2.0 want: 1.4.0
118 silly placeDep ROOT @scure/bip32@1.4.0 OK for: ethereum-cryptography@2.2.0 want: 1.4.0
119 silly placeDep ROOT @scure/bip39@1.3.0 OK for: ethereum-cryptography@2.2.0 want: 1.3.0
120 silly fetch manifest @scure/base@~1.1.6
121 http fetch GET 200 https://registry.npmjs.org/@scure%2fbase 89ms (cache miss)
122 silly placeDep ROOT @scure/base@1.1.6 OK for: @scure/bip32@1.4.0 want: ~1.1.6
123 silly placeDep ROOT @adraffy/ens-normalize@1.10.1 OK for: web3-eth-ens@4.3.0 want: ^1.8.8
124 silly placeDep ROOT cross-fetch@4.0.0 OK for: web3-providers-http@4.1.0 want: ^4.0.0
125 silly fetch manifest node-fetch@^2.6.12
126 http fetch GET 200 https://registry.npmjs.org/node-fetch 43ms (cache miss)
127 silly fetch manifest encoding@^0.1.0
128 http fetch GET 200 https://registry.npmjs.org/encoding 43ms (cache miss)
129 silly placeDep ROOT node-fetch@2.7.0 OK for: cross-fetch@4.0.0 want: ^2.6.12
130 silly fetch manifest whatwg-url@^5.0.0
131 http fetch GET 200 https://registry.npmjs.org/whatwg-url 32ms (cache miss)
132 silly placeDep ROOT whatwg-url@5.0.0 OK for: node-fetch@2.7.0 want: ^5.0.0
133 silly fetch manifest tr46@~0.0.3
134 http fetch GET 200 https://registry.npmjs.org/tr46 48ms (cache miss)
135 silly fetch manifest webidl-conversions@^3.0.0
136 http fetch GET 200 https://registry.npmjs.org/webidl-conversions 29ms (cache miss)
137 silly fetch manifest bufferutil@^4.0.1
138 http fetch GET 200 https://registry.npmjs.org/bufferutil 29ms (cache miss)
139 silly fetch manifest utf-8-validate@>=5.0.2
140 http fetch GET 200 https://registry.npmjs.org/utf-8-validate 39ms (cache miss)
141 silly placeDep ROOT @types/ws@8.5.3 OK for: web3-providers-ws@4.0.7 want: 8.5.3
142 silly placeDep ROOT isomorphic-ws@5.0.0 OK for: web3-providers-ws@4.0.7 want: ^5.0.0
143 silly placeDep ROOT ws@8.17.0 OK for: isomorphic-ws@5.0.0 want: *
144 silly fetch manifest @types/node@*
145 http fetch GET 200 https://registry.npmjs.org/@types%2fnode 137ms (cache miss)
146 silly placeDep ROOT @types/node@20.14.2 OK for: @types/ws@8.5.3 want: *
147 silly fetch manifest undici-types@~5.26.4
148 http fetch GET 200 https://registry.npmjs.org/undici-types 47ms (cache miss)
149 silly placeDep ROOT undici-types@5.26.5 OK for: @types/node@20.14.2 want: ~5.26.4
150 silly placeDep ROOT eventemitter3@5.0.1 OK for: web3-utils@4.3.0 want: ^5.0.1
151 silly placeDep ROOT util@0.12.5 OK for: web3-validator@2.0.6 want: ^0.12.5
152 silly placeDep ROOT zod@3.23.8 OK for: web3-validator@2.0.6 want: ^3.21.4
153 silly fetch manifest inherits@^2.0.3
154 http fetch GET 200 https://registry.npmjs.org/inherits 28ms (cache miss)
155 silly fetch manifest is-arguments@^1.0.4
156 http fetch GET 200 https://registry.npmjs.org/is-arguments 28ms (cache miss)
157 silly fetch manifest is-generator-function@^1.0.7
158 http fetch GET 200 https://registry.npmjs.org/is-generator-function 32ms (cache miss)
159 silly fetch manifest is-typed-array@^1.1.3
160 http fetch GET 200 https://registry.npmjs.org/is-typed-array 28ms (cache miss)
161 silly fetch manifest which-typed-array@^1.1.2
162 http fetch GET 200 https://registry.npmjs.org/which-typed-array 32ms (cache miss)
163 silly placeDep ROOT inherits@2.0.4 OK for: util@0.12.5 want: ^2.0.3
164 silly placeDep ROOT is-arguments@1.1.1 OK for: util@0.12.5 want: ^1.0.4
165 silly placeDep ROOT is-generator-function@1.0.10 OK for: util@0.12.5 want: ^1.0.7
166 silly placeDep ROOT is-typed-array@1.1.13 OK for: util@0.12.5 want: ^1.1.3
167 silly placeDep ROOT which-typed-array@1.1.15 OK for: util@0.12.5 want: ^1.1.2
168 silly fetch manifest call-bind@^1.0.2
169 http fetch GET 200 https://registry.npmjs.org/call-bind 45ms (cache miss)
170 silly fetch manifest has-tostringtag@^1.0.0
171 http fetch GET 200 https://registry.npmjs.org/has-tostringtag 29ms (cache miss)
172 silly fetch manifest which-typed-array@^1.1.14
173 silly fetch manifest available-typed-arrays@^1.0.7
174 http fetch GET 200 https://registry.npmjs.org/available-typed-arrays 28ms (cache miss)
175 silly fetch manifest call-bind@^1.0.7
176 silly fetch manifest for-each@^0.3.3
177 http fetch GET 200 https://registry.npmjs.org/for-each 28ms (cache miss)
178 silly fetch manifest gopd@^1.0.1
179 http fetch GET 200 https://registry.npmjs.org/gopd 26ms (cache miss)
180 silly fetch manifest has-tostringtag@^1.0.2
181 silly placeDep ROOT call-bind@1.0.7 OK for: is-arguments@1.1.1 want: ^1.0.2
182 silly placeDep ROOT has-tostringtag@1.0.2 OK for: is-arguments@1.1.1 want: ^1.0.0
183 silly fetch manifest es-define-property@^1.0.0
184 http fetch GET 200 https://registry.npmjs.org/es-define-property 30ms (cache miss)
185 silly fetch manifest es-errors@^1.3.0
186 http fetch GET 200 https://registry.npmjs.org/es-errors 29ms (cache miss)
187 silly fetch manifest function-bind@^1.1.2
188 http fetch GET 200 https://registry.npmjs.org/function-bind 27ms (cache miss)
189 silly fetch manifest get-intrinsic@^1.2.4
190 http fetch GET 200 https://registry.npmjs.org/get-intrinsic 37ms (cache miss)
191 silly fetch manifest set-function-length@^1.2.1
192 http fetch GET 200 https://registry.npmjs.org/set-function-length 29ms (cache miss)
193 silly fetch manifest has-symbols@^1.0.3
194 http fetch GET 200 https://registry.npmjs.org/has-symbols 29ms (cache miss)
195 silly placeDep ROOT es-define-property@1.0.0 OK for: call-bind@1.0.7 want: ^1.0.0
196 silly placeDep ROOT es-errors@1.3.0 OK for: call-bind@1.0.7 want: ^1.3.0
197 silly placeDep ROOT function-bind@1.1.2 OK for: call-bind@1.0.7 want: ^1.1.2
198 silly placeDep ROOT get-intrinsic@1.2.4 OK for: call-bind@1.0.7 want: ^1.2.4
199 silly placeDep ROOT set-function-length@1.2.2 OK for: call-bind@1.0.7 want: ^1.2.1
200 silly fetch manifest has-proto@^1.0.1
201 http fetch GET 200 https://registry.npmjs.org/has-proto 29ms (cache miss)
202 silly fetch manifest hasown@^2.0.0
203 http fetch GET 200 https://registry.npmjs.org/hasown 26ms (cache miss)
204 silly fetch manifest define-data-property@^1.1.4
205 http fetch GET 200 https://registry.npmjs.org/define-data-property 31ms (cache miss)
206 silly fetch manifest has-property-descriptors@^1.0.2
207 http fetch GET 200 https://registry.npmjs.org/has-property-descriptors 28ms (cache miss)
208 silly placeDep ROOT has-proto@1.0.3 OK for: get-intrinsic@1.2.4 want: ^1.0.1
209 silly placeDep ROOT has-symbols@1.0.3 OK for: get-intrinsic@1.2.4 want: ^1.0.3
210 silly placeDep ROOT hasown@2.0.2 OK for: get-intrinsic@1.2.4 want: ^2.0.0
211 silly placeDep ROOT define-data-property@1.1.4 OK for: set-function-length@1.2.2 want: ^1.1.4
212 silly placeDep ROOT gopd@1.0.1 OK for: set-function-length@1.2.2 want: ^1.0.1
213 silly placeDep ROOT has-property-descriptors@1.0.2 OK for: set-function-length@1.2.2 want: ^1.0.2
214 silly placeDep ROOT tr46@0.0.3 OK for: whatwg-url@5.0.0 want: ~0.0.3
215 silly placeDep ROOT webidl-conversions@3.0.1 OK for: whatwg-url@5.0.0 want: ^3.0.0
216 silly placeDep ROOT available-typed-arrays@1.0.7 OK for: which-typed-array@1.1.15 want: ^1.0.7
217 silly placeDep ROOT for-each@0.3.3 OK for: which-typed-array@1.1.15 want: ^0.3.3
218 silly fetch manifest possible-typed-array-names@^1.0.0
219 http fetch GET 200 https://registry.npmjs.org/possible-typed-array-names 29ms (cache miss)
220 silly fetch manifest is-callable@^1.1.3
221 http fetch GET 200 https://registry.npmjs.org/is-callable 30ms (cache miss)
222 silly placeDep ROOT possible-typed-array-names@1.0.0 OK for: available-typed-arrays@1.0.7 want: ^1.0.0
223 silly placeDep ROOT is-callable@1.2.7 OK for: for-each@0.3.3 want: ^1.1.3
224 silly reify moves {}
225 silly tarball no local data for is-callable@https://registry.npmjs.org/is-callable/-/is-callable-1.2.7.tgz. Extracting by manifest.
226 silly tarball no local data for possible-typed-array-names@https://registry.npmjs.org/possible-typed-array-names/-/possible-typed-array-names-1.0.0.tgz. Extracting by manifest.
227 silly tarball no local data for for-each@https://registry.npmjs.org/for-each/-/for-each-0.3.3.tgz. Extracting by manifest.
228 silly tarball no local data for available-typed-arrays@https://registry.npmjs.org/available-typed-arrays/-/available-typed-arrays-1.0.7.tgz. Extracting by manifest.
229 silly tarball no local data for webidl-conversions@https://registry.npmjs.org/webidl-conversions/-/webidl-conversions-3.0.1.tgz. Extracting by manifest.
230 silly tarball no local data for tr46@https://registry.npmjs.org/tr46/-/tr46-0.0.3.tgz. Extracting by manifest.
231 silly tarball no local data for has-property-descriptors@https://registry.npmjs.org/has-property-descriptors/-/has-property-descriptors-1.0.2.tgz. Extracting by manifest.
232 silly tarball no local data for gopd@https://registry.npmjs.org/gopd/-/gopd-1.0.1.tgz. Extracting by manifest.
233 silly tarball no local data for define-data-property@https://registry.npmjs.org/define-data-property/-/define-data-property-1.1.4.tgz. Extracting by manifest.
234 silly tarball no local data for hasown@https://registry.npmjs.org/hasown/-/hasown-2.0.2.tgz. Extracting by manifest.
235 silly tarball no local data for has-symbols@https://registry.npmjs.org/has-symbols/-/has-symbols-1.0.3.tgz. Extracting by manifest.
236 silly tarball no local data for has-proto@https://registry.npmjs.org/has-proto/-/has-proto-1.0.3.tgz. Extracting by manifest.
237 silly tarball no local data for set-function-length@https://registry.npmjs.org/set-function-length/-/set-function-length-1.2.2.tgz. Extracting by manifest.
238 silly tarball no local data for get-intrinsic@https://registry.npmjs.org/get-intrinsic/-/get-intrinsic-1.2.4.tgz. Extracting by manifest.
239 silly tarball no local data for function-bind@https://registry.npmjs.org/function-bind/-/function-bind-1.1.2.tgz. Extracting by manifest.
240 silly tarball no local data for es-errors@https://registry.npmjs.org/es-errors/-/es-errors-1.3.0.tgz. Extracting by manifest.
241 silly tarball no local data for es-define-property@https://registry.npmjs.org/es-define-property/-/es-define-property-1.0.0.tgz. Extracting by manifest.
242 silly tarball no local data for has-tostringtag@https://registry.npmjs.org/has-tostringtag/-/has-tostringtag-1.0.2.tgz. Extracting by manifest.
243 silly tarball no local data for call-bind@https://registry.npmjs.org/call-bind/-/call-bind-1.0.7.tgz. Extracting by manifest.
244 silly tarball no local data for which-typed-array@https://registry.npmjs.org/which-typed-array/-/which-typed-array-1.1.15.tgz. Extracting by manifest.
245 silly tarball no local data for is-typed-array@https://registry.npmjs.org/is-typed-array/-/is-typed-array-1.1.13.tgz. Extracting by manifest.
246 silly tarball no local data for is-generator-function@https://registry.npmjs.org/is-generator-function/-/is-generator-function-1.0.10.tgz. Extracting by manifest.
247 silly tarball no local data for is-arguments@https://registry.npmjs.org/is-arguments/-/is-arguments-1.1.1.tgz. Extracting by manifest.
248 silly tarball no local data for inherits@https://registry.npmjs.org/inherits/-/inherits-2.0.4.tgz. Extracting by manifest.
249 silly tarball no local data for zod@https://registry.npmjs.org/zod/-/zod-3.23.8.tgz. Extracting by manifest.
250 silly tarball no local data for util@https://registry.npmjs.org/util/-/util-0.12.5.tgz. Extracting by manifest.
251 silly tarball no local data for eventemitter3@https://registry.npmjs.org/eventemitter3/-/eventemitter3-5.0.1.tgz. Extracting by manifest.
252 silly tarball no local data for undici-types@https://registry.npmjs.org/undici-types/-/undici-types-5.26.5.tgz. Extracting by manifest.
253 silly tarball no local data for @types/node@https://registry.npmjs.org/@types/node/-/node-20.14.2.tgz. Extracting by manifest.
254 silly tarball no local data for ws@https://registry.npmjs.org/ws/-/ws-8.17.0.tgz. Extracting by manifest.
255 silly tarball no local data for isomorphic-ws@https://registry.npmjs.org/isomorphic-ws/-/isomorphic-ws-5.0.0.tgz. Extracting by manifest.
256 silly tarball no local data for @types/ws@https://registry.npmjs.org/@types/ws/-/ws-8.5.3.tgz. Extracting by manifest.
257 silly tarball no local data for whatwg-url@https://registry.npmjs.org/whatwg-url/-/whatwg-url-5.0.0.tgz. Extracting by manifest.
258 silly tarball no local data for node-fetch@https://registry.npmjs.org/node-fetch/-/node-fetch-2.7.0.tgz. Extracting by manifest.
259 silly tarball no local data for cross-fetch@https://registry.npmjs.org/cross-fetch/-/cross-fetch-4.0.0.tgz. Extracting by manifest.
260 silly tarball no local data for @adraffy/ens-normalize@https://registry.npmjs.org/@adraffy/ens-normalize/-/ens-normalize-1.10.1.tgz. Extracting by manifest.
261 silly tarball no local data for @scure/base@https://registry.npmjs.org/@scure/base/-/base-1.1.6.tgz. Extracting by manifest.
262 silly tarball no local data for @scure/bip39@https://registry.npmjs.org/@scure/bip39/-/bip39-1.3.0.tgz. Extracting by manifest.
263 silly tarball no local data for @scure/bip32@https://registry.npmjs.org/@scure/bip32/-/bip32-1.4.0.tgz. Extracting by manifest.
264 silly tarball no local data for @noble/hashes@https://registry.npmjs.org/@noble/hashes/-/hashes-1.4.0.tgz. Extracting by manifest.
265 silly tarball no local data for @noble/curves@https://registry.npmjs.org/@noble/curves/-/curves-1.4.0.tgz. Extracting by manifest.
266 silly tarball no local data for ethereum-cryptography@https://registry.npmjs.org/ethereum-cryptography/-/ethereum-cryptography-2.2.0.tgz. Extracting by manifest.
267 silly tarball no local data for crc-32@https://registry.npmjs.org/crc-32/-/crc-32-1.2.2.tgz. Extracting by manifest.
268 silly tarball no local data for @ethereumjs/rlp@https://registry.npmjs.org/@ethereumjs/rlp/-/rlp-4.0.1.tgz. Extracting by manifest.
269 silly tarball no local data for typescript@https://registry.npmjs.org/typescript/-/typescript-5.4.5.tgz. Extracting by manifest.
270 silly tarball no local data for abitype@https://registry.npmjs.org/abitype/-/abitype-0.7.1.tgz. Extracting by manifest.
271 silly tarball no local data for setimmediate@https://registry.npmjs.org/setimmediate/-/setimmediate-1.0.5.tgz. Extracting by manifest.
272 silly tarball no local data for web3-providers-ipc@https://registry.npmjs.org/web3-providers-ipc/-/web3-providers-ipc-4.0.7.tgz. Extracting by manifest.
273 silly tarball no local data for web3-validator@https://registry.npmjs.org/web3-validator/-/web3-validator-2.0.6.tgz. Extracting by manifest.
274 silly tarball no local data for web3-utils@https://registry.npmjs.org/web3-utils/-/web3-utils-4.3.0.tgz. Extracting by manifest.
275 silly tarball no local data for web3-types@https://registry.npmjs.org/web3-types/-/web3-types-1.6.0.tgz. Extracting by manifest.
276 silly tarball no local data for web3-rpc-methods@https://registry.npmjs.org/web3-rpc-methods/-/web3-rpc-methods-1.3.0.tgz. Extracting by manifest.
277 silly tarball no local data for web3-providers-ws@https://registry.npmjs.org/web3-providers-ws/-/web3-providers-ws-4.0.7.tgz. Extracting by manifest.
278 silly tarball no local data for web3-providers-http@https://registry.npmjs.org/web3-providers-http/-/web3-providers-http-4.1.0.tgz. Extracting by manifest.
279 silly tarball no local data for web3-net@https://registry.npmjs.org/web3-net/-/web3-net-4.1.0.tgz. Extracting by manifest.
280 silly tarball no local data for web3-eth-personal@https://registry.npmjs.org/web3-eth-personal/-/web3-eth-personal-4.0.8.tgz. Extracting by manifest.
281 silly tarball no local data for web3-eth-iban@https://registry.npmjs.org/web3-eth-iban/-/web3-eth-iban-4.0.7.tgz. Extracting by manifest.
282 silly tarball no local data for web3-eth-ens@https://registry.npmjs.org/web3-eth-ens/-/web3-eth-ens-4.3.0.tgz. Extracting by manifest.
283 silly tarball no local data for web3-eth-contract@https://registry.npmjs.org/web3-eth-contract/-/web3-eth-contract-4.5.0.tgz. Extracting by manifest.
284 silly tarball no local data for web3-eth-accounts@https://registry.npmjs.org/web3-eth-accounts/-/web3-eth-accounts-4.1.2.tgz. Extracting by manifest.
285 silly tarball no local data for web3-eth-abi@https://registry.npmjs.org/web3-eth-abi/-/web3-eth-abi-4.2.2.tgz. Extracting by manifest.
286 silly tarball no local data for web3-eth@https://registry.npmjs.org/web3-eth/-/web3-eth-4.7.0.tgz. Extracting by manifest.
287 silly tarball no local data for web3-errors@https://registry.npmjs.org/web3-errors/-/web3-errors-1.2.0.tgz. Extracting by manifest.
288 silly tarball no local data for web3-core@https://registry.npmjs.org/web3-core/-/web3-core-4.4.0.tgz. Extracting by manifest.
289 silly tarball no local data for web3@https://registry.npmjs.org/web3/-/web3-4.9.0.tgz. Extracting by manifest.
290 http fetch GET 200 https://registry.npmjs.org/is-callable/-/is-callable-1.2.7.tgz 177ms (cache miss)
291 http fetch GET 200 https://registry.npmjs.org/possible-typed-array-names/-/possible-typed-array-names-1.0.0.tgz 181ms (cache miss)
292 http fetch GET 200 https://registry.npmjs.org/es-errors/-/es-errors-1.3.0.tgz 329ms (cache miss)
293 http fetch GET 200 https://registry.npmjs.org/es-define-property/-/es-define-property-1.0.0.tgz 430ms (cache miss)
294 http fetch GET 200 https://registry.npmjs.org/has-tostringtag/-/has-tostringtag-1.0.2.tgz 430ms (cache miss)
295 http fetch GET 200 https://registry.npmjs.org/gopd/-/gopd-1.0.1.tgz 513ms (cache miss)
296 http fetch GET 200 https://registry.npmjs.org/for-each/-/for-each-0.3.3.tgz 532ms (cache miss)
297 http fetch GET 200 https://registry.npmjs.org/call-bind/-/call-bind-1.0.7.tgz 545ms (cache miss)
298 http fetch GET 200 https://registry.npmjs.org/webidl-conversions/-/webidl-conversions-3.0.1.tgz 567ms (cache miss)
299 http fetch GET 200 https://registry.npmjs.org/hasown/-/hasown-2.0.2.tgz 564ms (cache miss)
300 http fetch GET 200 https://registry.npmjs.org/which-typed-array/-/which-typed-array-1.1.15.tgz 552ms (cache miss)
301 http fetch GET 200 https://registry.npmjs.org/isomorphic-ws/-/isomorphic-ws-5.0.0.tgz 553ms (cache miss)
302 http fetch GET 200 https://registry.npmjs.org/has-property-descriptors/-/has-property-descriptors-1.0.2.tgz 586ms (cache miss)
303 http fetch GET 200 https://registry.npmjs.org/inherits/-/inherits-2.0.4.tgz 570ms (cache miss)
304 http fetch GET 200 https://registry.npmjs.org/available-typed-arrays/-/available-typed-arrays-1.0.7.tgz 593ms (cache miss)
305 http fetch GET 200 https://registry.npmjs.org/has-proto/-/has-proto-1.0.3.tgz 593ms (cache miss)
306 http fetch GET 200 https://registry.npmjs.org/@types/ws/-/ws-8.5.3.tgz 586ms (cache miss)
307 http fetch GET 200 https://registry.npmjs.org/setimmediate/-/setimmediate-1.0.5.tgz 579ms (cache miss)
308 http fetch GET 200 https://registry.npmjs.org/define-data-property/-/define-data-property-1.1.4.tgz 611ms (cache miss)
309 http fetch GET 200 https://registry.npmjs.org/set-function-length/-/set-function-length-1.2.2.tgz 602ms (cache miss)
310 http fetch GET 200 https://registry.npmjs.org/web3-providers-http/-/web3-providers-http-4.1.0.tgz 572ms (cache miss)
311 http fetch GET 200 https://registry.npmjs.org/web3-eth-personal/-/web3-eth-personal-4.0.8.tgz 572ms (cache miss)
312 http fetch GET 200 https://registry.npmjs.org/crc-32/-/crc-32-1.2.2.tgz 593ms (cache miss)
313 http fetch GET 200 https://registry.npmjs.org/util/-/util-0.12.5.tgz 614ms (cache miss)
314 http fetch GET 200 https://registry.npmjs.org/cross-fetch/-/cross-fetch-4.0.0.tgz 609ms (cache miss)
315 http fetch GET 200 https://registry.npmjs.org/get-intrinsic/-/get-intrinsic-1.2.4.tgz 626ms (cache miss)
316 http fetch GET 200 https://registry.npmjs.org/function-bind/-/function-bind-1.1.2.tgz 633ms (cache miss)
317 http fetch GET 200 https://registry.npmjs.org/is-arguments/-/is-arguments-1.1.1.tgz 633ms (cache miss)
318 http fetch GET 200 https://registry.npmjs.org/has-symbols/-/has-symbols-1.0.3.tgz 648ms (cache miss)
319 http fetch GET 200 https://registry.npmjs.org/is-typed-array/-/is-typed-array-1.1.13.tgz 642ms (cache miss)
320 http fetch GET 200 https://registry.npmjs.org/whatwg-url/-/whatwg-url-5.0.0.tgz 634ms (cache miss)
321 http fetch GET 200 https://registry.npmjs.org/web3-providers-ws/-/web3-providers-ws-4.0.7.tgz 621ms (cache miss)
322 http fetch GET 200 https://registry.npmjs.org/is-generator-function/-/is-generator-function-1.0.10.tgz 656ms (cache miss)
323 http fetch GET 200 https://registry.npmjs.org/web3-providers-ipc/-/web3-providers-ipc-4.0.7.tgz 644ms (cache miss)
324 http fetch GET 200 https://registry.npmjs.org/eventemitter3/-/eventemitter3-5.0.1.tgz 659ms (cache miss)
325 http fetch GET 200 https://registry.npmjs.org/@scure/bip32/-/bip32-1.4.0.tgz 666ms (cache miss)
326 http fetch GET 200 https://registry.npmjs.org/@ethereumjs/rlp/-/rlp-4.0.1.tgz 664ms (cache miss)
327 http fetch GET 200 https://registry.npmjs.org/@scure/base/-/base-1.1.6.tgz 690ms (cache miss)
328 http fetch GET 200 https://registry.npmjs.org/web3-eth-iban/-/web3-eth-iban-4.0.7.tgz 710ms (cache miss)
329 http fetch GET 200 https://registry.npmjs.org/web3-net/-/web3-net-4.1.0.tgz 714ms (cache miss)
330 http fetch GET 200 https://registry.npmjs.org/tr46/-/tr46-0.0.3.tgz 763ms (cache miss)
331 http fetch GET 200 https://registry.npmjs.org/node-fetch/-/node-fetch-2.7.0.tgz 748ms (cache miss)
332 http fetch GET 200 https://registry.npmjs.org/undici-types/-/undici-types-5.26.5.tgz 757ms (cache miss)
333 http fetch GET 200 https://registry.npmjs.org/ws/-/ws-8.17.0.tgz 765ms (cache miss)
334 http fetch GET 200 https://registry.npmjs.org/web3-rpc-methods/-/web3-rpc-methods-1.3.0.tgz 763ms (cache miss)
335 http fetch GET 200 https://registry.npmjs.org/abitype/-/abitype-0.7.1.tgz 823ms (cache miss)
336 http fetch GET 200 https://registry.npmjs.org/ethereum-cryptography/-/ethereum-cryptography-2.2.0.tgz 854ms (cache miss)
337 http fetch GET 200 https://registry.npmjs.org/@adraffy/ens-normalize/-/ens-normalize-1.10.1.tgz 878ms (cache miss)
338 http fetch GET 200 https://registry.npmjs.org/@scure/bip39/-/bip39-1.3.0.tgz 903ms (cache miss)
339 http fetch GET 200 https://registry.npmjs.org/web3-eth-contract/-/web3-eth-contract-4.5.0.tgz 885ms (cache miss)
340 http fetch GET 200 https://registry.npmjs.org/web3-eth-ens/-/web3-eth-ens-4.3.0.tgz 924ms (cache miss)
341 http fetch GET 200 https://registry.npmjs.org/zod/-/zod-3.23.8.tgz 982ms (cache miss)
342 http fetch GET 200 https://registry.npmjs.org/web3-core/-/web3-core-4.4.0.tgz 1004ms (cache miss)
343 http fetch GET 200 https://registry.npmjs.org/web3-types/-/web3-types-1.6.0.tgz 1061ms (cache miss)
344 http fetch GET 200 https://registry.npmjs.org/web3-errors/-/web3-errors-1.2.0.tgz 1085ms (cache miss)
345 http fetch GET 200 https://registry.npmjs.org/web3-utils/-/web3-utils-4.3.0.tgz 1094ms (cache miss)
346 http fetch GET 200 https://registry.npmjs.org/@types/node/-/node-20.14.2.tgz 1117ms (cache miss)
347 http fetch GET 200 https://registry.npmjs.org/@noble/hashes/-/hashes-1.4.0.tgz 1166ms (cache miss)
348 http fetch GET 200 https://registry.npmjs.org/web3-validator/-/web3-validator-2.0.6.tgz 1168ms (cache miss)
349 http fetch GET 200 https://registry.npmjs.org/web3-eth-abi/-/web3-eth-abi-4.2.2.tgz 1174ms (cache miss)
350 http fetch GET 200 https://registry.npmjs.org/@noble/curves/-/curves-1.4.0.tgz 1202ms (cache miss)
351 http fetch GET 200 https://registry.npmjs.org/web3/-/web3-4.9.0.tgz 1182ms (cache miss)
352 http fetch GET 200 https://registry.npmjs.org/web3-eth/-/web3-eth-4.7.0.tgz 1192ms (cache miss)
353 http fetch GET 200 https://registry.npmjs.org/web3-eth-accounts/-/web3-eth-accounts-4.1.2.tgz 1280ms (cache miss)
354 http fetch GET 200 https://registry.npmjs.org/typescript/-/typescript-5.4.5.tgz 1428ms (cache miss)
355 silly ADD node_modules/is-callable
356 silly ADD node_modules/possible-typed-array-names
357 silly ADD node_modules/for-each
358 silly ADD node_modules/available-typed-arrays
359 silly ADD node_modules/webidl-conversions
360 silly ADD node_modules/tr46
361 silly ADD node_modules/has-property-descriptors
362 silly ADD node_modules/gopd
363 silly ADD node_modules/define-data-property
364 silly ADD node_modules/hasown
365 silly ADD node_modules/has-symbols
366 silly ADD node_modules/has-proto
367 silly ADD node_modules/set-function-length
368 silly ADD node_modules/get-intrinsic
369 silly ADD node_modules/function-bind
370 silly ADD node_modules/es-errors
371 silly ADD node_modules/es-define-property
372 silly ADD node_modules/has-tostringtag
373 silly ADD node_modules/call-bind
374 silly ADD node_modules/which-typed-array
375 silly ADD node_modules/is-typed-array
376 silly ADD node_modules/is-generator-function
377 silly ADD node_modules/is-arguments
378 silly ADD node_modules/inherits
379 silly ADD node_modules/zod
380 silly ADD node_modules/util
381 silly ADD node_modules/eventemitter3
382 silly ADD node_modules/undici-types
383 silly ADD node_modules/@types/node
384 silly ADD node_modules/ws
385 silly ADD node_modules/isomorphic-ws
386 silly ADD node_modules/@types/ws
387 silly ADD node_modules/whatwg-url
388 silly ADD node_modules/node-fetch
389 silly ADD node_modules/cross-fetch
390 silly ADD node_modules/@adraffy/ens-normalize
391 silly ADD node_modules/@scure/base
392 silly ADD node_modules/@scure/bip39
393 silly ADD node_modules/@scure/bip32
394 silly ADD node_modules/@noble/hashes
395 silly ADD node_modules/@noble/curves
396 silly ADD node_modules/ethereum-cryptography
397 silly ADD node_modules/crc-32
398 silly ADD node_modules/@ethereumjs/rlp
399 silly ADD node_modules/typescript
400 silly ADD node_modules/abitype
401 silly ADD node_modules/setimmediate
402 silly ADD node_modules/web3-providers-ipc
403 silly ADD node_modules/web3-validator
404 silly ADD node_modules/web3-utils
405 silly ADD node_modules/web3-types
406 silly ADD node_modules/web3-rpc-methods
407 silly ADD node_modules/web3-providers-ws
408 silly ADD node_modules/web3-providers-http
409 silly ADD node_modules/web3-net
410 silly ADD node_modules/web3-eth-personal
411 silly ADD node_modules/web3-eth-iban
412 silly ADD node_modules/web3-eth-ens
413 silly ADD node_modules/web3-eth-contract
414 silly ADD node_modules/web3-eth-accounts
415 silly ADD node_modules/web3-eth-abi
416 silly ADD node_modules/web3-eth
417 silly ADD node_modules/web3-errors
418 silly ADD node_modules/web3-core
419 silly ADD node_modules/web3
420 notice
420 notice New [33mminor[39m version of npm available! [33m10.7.0[39m -> [34m10.8.1[39m
420 notice Changelog: [34mhttps://github.com/npm/cli/releases/tag/v10.8.1[39m
420 notice To update run: [4mnpm install -g npm@10.8.1[24m
420 notice  { force: true, [Symbol(proc-log.meta)]: true }
421 verbose exit 0
422 info ok
